0 info it worked if it ends with ok
1 verbose cli [ '/usr/local/bin/node', '/usr/local/bin/npm', 'run', 'dev' ]
2 info using npm@3.10.9
3 info using node@v7.2.0
4 verbose run-script [ 'predev', 'dev', 'postdev' ]
5 info lifecycle 10knet@~predev: 10knet@
6 silly lifecycle 10knet@~predev: no script for predev, continuing
7 info lifecycle 10knet@~dev: 10knet@
8 verbose lifecycle 10knet@~dev: unsafe-perm in lifecycle true
9 verbose lifecycle 10knet@~dev: PATH: /usr/local/lib/node_modules/npm/bin/node-gyp-bin:/Users/zhyuzh/Desktop/Projects/10knet/node_modules/.bin:/Users/zhyuzh/lib/mongodb/bin:/usr/local/bin:/usr/bin:/bin:/usr/sbin:/sbin
10 verbose lifecycle 10knet@~dev: CWD: /Users/zhyuzh/Desktop/Projects/10knet
11 silly lifecycle 10knet@~dev: Args: [ '-c',
11 silly lifecycle   'cross-env NODE_ENV=development webpack-dev-server --inline --hot --content-base pub/' ]
12 silly lifecycle 10knet@~dev: Returned: code: 1  signal: null
13 info lifecycle 10knet@~dev: Failed to exec dev script
14 verbose stack Error: 10knet@ dev: `cross-env NODE_ENV=development webpack-dev-server --inline --hot --content-base pub/`
14 verbose stack Exit status 1
14 verbose stack     at EventEmitter.<anonymous> (/usr/local/lib/node_modules/npm/lib/utils/lifecycle.js:255:16)
14 verbose stack     at emitTwo (events.js:106:13)
14 verbose stack     at EventEmitter.emit (events.js:191:7)
14 verbose stack     at ChildProcess.<anonymous> (/usr/local/lib/node_modules/npm/lib/utils/spawn.js:40:14)
14 verbose stack     at emitTwo (events.js:106:13)
14 verbose stack     at ChildProcess.emit (events.js:191:7)
14 verbose stack     at maybeClose (internal/child_process.js:885:16)
14 verbose stack     at Process.ChildProcess._handle.onexit (internal/child_process.js:226:5)
15 verbose pkgid 10knet@
16 verbose cwd /Users/zhyuzh/Desktop/Projects/10knet
17 error Darwin 16.3.0
18 error argv "/usr/local/bin/node" "/usr/local/bin/npm" "run" "dev"
19 error node v7.2.0
20 error npm  v3.10.9
21 error code ELIFECYCLE
22 error 10knet@ dev: `cross-env NODE_ENV=development webpack-dev-server --inline --hot --content-base pub/`
22 error Exit status 1
23 error Failed at the 10knet@ dev script 'cross-env NODE_ENV=development webpack-dev-server --inline --hot --content-base pub/'.
23 error Make sure you have the latest version of node.js and npm installed.
23 error If you do, this is most likely a problem with the 10knet package,
23 error not with npm itself.
23 error Tell the author that this fails on your system:
23 error     cross-env NODE_ENV=development webpack-dev-server --inline --hot --content-base pub/
23 error You can get information on how to open an issue for this project with:
23 error     npm bugs 10knet
23 error Or if that isn't available, you can get their info via:
23 error     npm owner ls 10knet
23 error There is likely additional logging output above.
24 verbose exit [ 1, true ]
